<?xml version="1.0" encoding="UTF-8"?>
<testsuite xmlns:xsi="http://www.w3.org/2001/XMLSchema-instance" xsi:noNamespaceSchemaLocation="https://maven.apache.org/surefire/maven-surefire-plugin/xsd/surefire-test-report.xsd" name="com.demo.microservice.AppTest" time="0" tests="1" errors="0" skipped="0" failures="0">
  <properties>
    <property name="sun.desktop" value="windows"/>
    <property name="awt.toolkit" value="sun.awt.windows.WToolkit"/>
    <property name="file.encoding.pkg" value="sun.io"/>
    <property name="java.specification.version" value="1.8"/>
    <property name="sun.cpu.isalist" value="amd64"/>
    <property name="sun.jnu.encoding" value="Cp1252"/>
    <property name="java.class.path" value="C:\workspaces\Others\MicroServiceDemo\target\test-classes;C:\workspaces\Others\MicroServiceDemo\target\classes;C:\Users\ssreeka\.m2\repository\org\springframework\boot\spring-boot-starter-web\2.0.1.RELEASE\spring-boot-starter-web-2.0.1.RELEASE.jar;C:\Users\ssreeka\.m2\repository\org\springframework\boot\spring-boot-starter\2.0.1.RELEASE\spring-boot-starter-2.0.1.RELEASE.jar;C:\Users\ssreeka\.m2\repository\org\springframework\boot\spring-boot\2.0.1.RELEASE\spring-boot-2.0.1.RELEASE.jar;C:\Users\ssreeka\.m2\repository\org\springframework\boot\spring-boot-autoconfigure\2.0.1.RELEASE\spring-boot-autoconfigure-2.0.1.RELEASE.jar;C:\Users\ssreeka\.m2\repository\org\springframework\boot\spring-boot-starter-logging\2.0.1.RELEASE\spring-boot-starter-logging-2.0.1.RELEASE.jar;C:\Users\ssreeka\.m2\repository\ch\qos\logback\logback-classic\1.2.3\logback-classic-1.2.3.jar;C:\Users\ssreeka\.m2\repository\ch\qos\logback\logback-core\1.2.3\logback-core-1.2.3.jar;C:\Users\ssreeka\.m2\repository\org\apache\logging\log4j\log4j-to-slf4j\2.10.0\log4j-to-slf4j-2.10.0.jar;C:\Users\ssreeka\.m2\repository\org\apache\logging\log4j\log4j-api\2.10.0\log4j-api-2.10.0.jar;C:\Users\ssreeka\.m2\repository\org\slf4j\jul-to-slf4j\1.7.25\jul-to-slf4j-1.7.25.jar;C:\Users\ssreeka\.m2\repository\javax\annotation\javax.annotation-api\1.3.2\javax.annotation-api-1.3.2.jar;C:\Users\ssreeka\.m2\repository\org\springframework\spring-core\5.0.5.RELEASE\spring-core-5.0.5.RELEASE.jar;C:\Users\ssreeka\.m2\repository\org\springframework\spring-jcl\5.0.5.RELEASE\spring-jcl-5.0.5.RELEASE.jar;C:\Users\ssreeka\.m2\repository\org\yaml\snakeyaml\1.19\snakeyaml-1.19.jar;C:\Users\ssreeka\.m2\repository\org\springframework\boot\spring-boot-starter-json\2.0.1.RELEASE\spring-boot-starter-json-2.0.1.RELEASE.jar;C:\Users\ssreeka\.m2\repository\com\fasterxml\jackson\core\jackson-databind\2.9.5\jackson-databind-2.9.5.jar;C:\Users\ssreeka\.m2\repository\com\fasterxml\jackson\core\jackson-annotations\2.9.0\jackson-annotations-2.9.0.jar;C:\Users\ssreeka\.m2\repository\com\fasterxml\jackson\core\jackson-core\2.9.5\jackson-core-2.9.5.jar;C:\Users\ssreeka\.m2\repository\com\fasterxml\jackson\datatype\jackson-datatype-jdk8\2.9.5\jackson-datatype-jdk8-2.9.5.jar;C:\Users\ssreeka\.m2\repository\com\fasterxml\jackson\datatype\jackson-datatype-jsr310\2.9.5\jackson-datatype-jsr310-2.9.5.jar;C:\Users\ssreeka\.m2\repository\com\fasterxml\jackson\module\jackson-module-parameter-names\2.9.5\jackson-module-parameter-names-2.9.5.jar;C:\Users\ssreeka\.m2\repository\org\springframework\boot\spring-boot-starter-tomcat\2.0.1.RELEASE\spring-boot-starter-tomcat-2.0.1.RELEASE.jar;C:\Users\ssreeka\.m2\repository\org\apache\tomcat\embed\tomcat-embed-core\7.0.52\tomcat-embed-core-7.0.52.jar;C:\Users\ssreeka\.m2\repository\org\apache\tomcat\embed\tomcat-embed-el\7.0.52\tomcat-embed-el-7.0.52.jar;C:\Users\ssreeka\.m2\repository\org\apache\tomcat\embed\tomcat-embed-websocket\7.0.52\tomcat-embed-websocket-7.0.52.jar;C:\Users\ssreeka\.m2\repository\org\hibernate\validator\hibernate-validator\6.0.9.Final\hibernate-validator-6.0.9.Final.jar;C:\Users\ssreeka\.m2\repository\javax\validation\validation-api\2.0.1.Final\validation-api-2.0.1.Final.jar;C:\Users\ssreeka\.m2\repository\org\jboss\logging\jboss-logging\3.3.2.Final\jboss-logging-3.3.2.Final.jar;C:\Users\ssreeka\.m2\repository\com\fasterxml\classmate\1.3.4\classmate-1.3.4.jar;C:\Users\ssreeka\.m2\repository\org\springframework\spring-web\5.0.5.RELEASE\spring-web-5.0.5.RELEASE.jar;C:\Users\ssreeka\.m2\repository\org\springframework\spring-beans\5.0.5.RELEASE\spring-beans-5.0.5.RELEASE.jar;C:\Users\ssreeka\.m2\repository\org\springframework\spring-webmvc\5.0.5.RELEASE\spring-webmvc-5.0.5.RELEASE.jar;C:\Users\ssreeka\.m2\repository\org\springframework\spring-aop\5.0.5.RELEASE\spring-aop-5.0.5.RELEASE.jar;C:\Users\ssreeka\.m2\repository\org\springframework\spring-context\5.0.5.RELEASE\spring-context-5.0.5.RELEASE.jar;C:\Users\ssreeka\.m2\repository\org\springframework\spring-expression\5.0.5.RELEASE\spring-expression-5.0.5.RELEASE.jar;C:\Users\ssreeka\.m2\repository\mysql\mysql-connector-java\5.1.46\mysql-connector-java-5.1.46.jar;C:\Users\ssreeka\.m2\repository\org\springframework\boot\spring-boot-starter-data-jpa\2.0.1.RELEASE\spring-boot-starter-data-jpa-2.0.1.RELEASE.jar;C:\Users\ssreeka\.m2\repository\org\springframework\boot\spring-boot-starter-aop\2.0.1.RELEASE\spring-boot-starter-aop-2.0.1.RELEASE.jar;C:\Users\ssreeka\.m2\repository\org\aspectj\aspectjweaver\1.8.13\aspectjweaver-1.8.13.jar;C:\Users\ssreeka\.m2\repository\org\springframework\boot\spring-boot-starter-jdbc\2.0.1.RELEASE\spring-boot-starter-jdbc-2.0.1.RELEASE.jar;C:\Users\ssreeka\.m2\repository\com\zaxxer\HikariCP\2.7.8\HikariCP-2.7.8.jar;C:\Users\ssreeka\.m2\repository\org\springframework\spring-jdbc\5.0.5.RELEASE\spring-jdbc-5.0.5.RELEASE.jar;C:\Users\ssreeka\.m2\repository\org\hibernate\hibernate-core\5.2.16.Final\hibernate-core-5.2.16.Final.jar;C:\Users\ssreeka\.m2\repository\org\hibernate\javax\persistence\hibernate-jpa-2.1-api\1.0.0.Final\hibernate-jpa-2.1-api-1.0.0.Final.jar;C:\Users\ssreeka\.m2\repository\org\javassist\javassist\3.22.0-GA\javassist-3.22.0-GA.jar;C:\Users\ssreeka\.m2\repository\antlr\antlr\2.7.7\antlr-2.7.7.jar;C:\Users\ssreeka\.m2\repository\org\jboss\jandex\2.0.3.Final\jandex-2.0.3.Final.jar;C:\Users\ssreeka\.m2\repository\dom4j\dom4j\1.6.1\dom4j-1.6.1.jar;C:\Users\ssreeka\.m2\repository\org\hibernate\common\hibernate-commons-annotations\5.0.1.Final\hibernate-commons-annotations-5.0.1.Final.jar;C:\Users\ssreeka\.m2\repository\javax\transaction\javax.transaction-api\1.2\javax.transaction-api-1.2.jar;C:\Users\ssreeka\.m2\repository\org\springframework\data\spring-data-jpa\2.0.6.RELEASE\spring-data-jpa-2.0.6.RELEASE.jar;C:\Users\ssreeka\.m2\repository\org\springframework\data\spring-data-commons\2.0.6.RELEASE\spring-data-commons-2.0.6.RELEASE.jar;C:\Users\ssreeka\.m2\repository\org\springframework\spring-orm\5.0.5.RELEASE\spring-orm-5.0.5.RELEASE.jar;C:\Users\ssreeka\.m2\repository\org\springframework\spring-tx\5.0.5.RELEASE\spring-tx-5.0.5.RELEASE.jar;C:\Users\ssreeka\.m2\repository\org\slf4j\slf4j-api\1.7.25\slf4j-api-1.7.25.jar;C:\Users\ssreeka\.m2\repository\org\springframework\spring-aspects\5.0.5.RELEASE\spring-aspects-5.0.5.RELEASE.jar;C:\Users\ssreeka\.m2\repository\junit\junit\3.8.1\junit-3.8.1.jar;"/>
    <property name="java.vm.vendor" value="Oracle Corporation"/>
    <property name="sun.arch.data.model" value="64"/>
    <property name="user.variant" value=""/>
    <property name="java.vendor.url" value="http://java.oracle.com/"/>
    <property name="user.timezone" value=""/>
    <property name="java.vm.specification.version" value="1.8"/>
    <property name="os.name" value="Windows 7"/>
    <property name="user.country" value="US"/>
    <property name="sun.java.launcher" value="SUN_STANDARD"/>
    <property name="sun.boot.library.path" value="C:\MB Apps\softwares\microservices\daivb.sdk.2.0.12.1\daivb.sdk.2.0.12\tools\jdk\jre\bin"/>
    <property name="sun.java.command" value="C:\Users\ssreeka\AppData\Local\Temp\surefire2704716810734263897\surefirebooter4832353974404825131.jar C:\Users\ssreeka\AppData\Local\Temp\surefire2704716810734263897 2018-05-10T14-23-09_007-jvmRun1 surefire9074888509634352607tmp surefire_08574482760064467473tmp"/>
    <property name="surefire.test.class.path" value="C:\workspaces\Others\MicroServiceDemo\target\test-classes;C:\workspaces\Others\MicroServiceDemo\target\classes;C:\Users\ssreeka\.m2\repository\org\springframework\boot\spring-boot-starter-web\2.0.1.RELEASE\spring-boot-starter-web-2.0.1.RELEASE.jar;C:\Users\ssreeka\.m2\repository\org\springframework\boot\spring-boot-starter\2.0.1.RELEASE\spring-boot-starter-2.0.1.RELEASE.jar;C:\Users\ssreeka\.m2\repository\org\springframework\boot\spring-boot\2.0.1.RELEASE\spring-boot-2.0.1.RELEASE.jar;C:\Users\ssreeka\.m2\repository\org\springframework\boot\spring-boot-autoconfigure\2.0.1.RELEASE\spring-boot-autoconfigure-2.0.1.RELEASE.jar;C:\Users\ssreeka\.m2\repository\org\springframework\boot\spring-boot-starter-logging\2.0.1.RELEASE\spring-boot-starter-logging-2.0.1.RELEASE.jar;C:\Users\ssreeka\.m2\repository\ch\qos\logback\logback-classic\1.2.3\logback-classic-1.2.3.jar;C:\Users\ssreeka\.m2\repository\ch\qos\logback\logback-core\1.2.3\logback-core-1.2.3.jar;C:\Users\ssreeka\.m2\repository\org\apache\logging\log4j\log4j-to-slf4j\2.10.0\log4j-to-slf4j-2.10.0.jar;C:\Users\ssreeka\.m2\repository\org\apache\logging\log4j\log4j-api\2.10.0\log4j-api-2.10.0.jar;C:\Users\ssreeka\.m2\repository\org\slf4j\jul-to-slf4j\1.7.25\jul-to-slf4j-1.7.25.jar;C:\Users\ssreeka\.m2\repository\javax\annotation\javax.annotation-api\1.3.2\javax.annotation-api-1.3.2.jar;C:\Users\ssreeka\.m2\repository\org\springframework\spring-core\5.0.5.RELEASE\spring-core-5.0.5.RELEASE.jar;C:\Users\ssreeka\.m2\repository\org\springframework\spring-jcl\5.0.5.RELEASE\spring-jcl-5.0.5.RELEASE.jar;C:\Users\ssreeka\.m2\repository\org\yaml\snakeyaml\1.19\snakeyaml-1.19.jar;C:\Users\ssreeka\.m2\repository\org\springframework\boot\spring-boot-starter-json\2.0.1.RELEASE\spring-boot-starter-json-2.0.1.RELEASE.jar;C:\Users\ssreeka\.m2\repository\com\fasterxml\jackson\core\jackson-databind\2.9.5\jackson-databind-2.9.5.jar;C:\Users\ssreeka\.m2\repository\com\fasterxml\jackson\core\jackson-annotations\2.9.0\jackson-annotations-2.9.0.jar;C:\Users\ssreeka\.m2\repository\com\fasterxml\jackson\core\jackson-core\2.9.5\jackson-core-2.9.5.jar;C:\Users\ssreeka\.m2\repository\com\fasterxml\jackson\datatype\jackson-datatype-jdk8\2.9.5\jackson-datatype-jdk8-2.9.5.jar;C:\Users\ssreeka\.m2\repository\com\fasterxml\jackson\datatype\jackson-datatype-jsr310\2.9.5\jackson-datatype-jsr310-2.9.5.jar;C:\Users\ssreeka\.m2\repository\com\fasterxml\jackson\module\jackson-module-parameter-names\2.9.5\jackson-module-parameter-names-2.9.5.jar;C:\Users\ssreeka\.m2\repository\org\springframework\boot\spring-boot-starter-tomcat\2.0.1.RELEASE\spring-boot-starter-tomcat-2.0.1.RELEASE.jar;C:\Users\ssreeka\.m2\repository\org\apache\tomcat\embed\tomcat-embed-core\7.0.52\tomcat-embed-core-7.0.52.jar;C:\Users\ssreeka\.m2\repository\org\apache\tomcat\embed\tomcat-embed-el\7.0.52\tomcat-embed-el-7.0.52.jar;C:\Users\ssreeka\.m2\repository\org\apache\tomcat\embed\tomcat-embed-websocket\7.0.52\tomcat-embed-websocket-7.0.52.jar;C:\Users\ssreeka\.m2\repository\org\hibernate\validator\hibernate-validator\6.0.9.Final\hibernate-validator-6.0.9.Final.jar;C:\Users\ssreeka\.m2\repository\javax\validation\validation-api\2.0.1.Final\validation-api-2.0.1.Final.jar;C:\Users\ssreeka\.m2\repository\org\jboss\logging\jboss-logging\3.3.2.Final\jboss-logging-3.3.2.Final.jar;C:\Users\ssreeka\.m2\repository\com\fasterxml\classmate\1.3.4\classmate-1.3.4.jar;C:\Users\ssreeka\.m2\repository\org\springframework\spring-web\5.0.5.RELEASE\spring-web-5.0.5.RELEASE.jar;C:\Users\ssreeka\.m2\repository\org\springframework\spring-beans\5.0.5.RELEASE\spring-beans-5.0.5.RELEASE.jar;C:\Users\ssreeka\.m2\repository\org\springframework\spring-webmvc\5.0.5.RELEASE\spring-webmvc-5.0.5.RELEASE.jar;C:\Users\ssreeka\.m2\repository\org\springframework\spring-aop\5.0.5.RELEASE\spring-aop-5.0.5.RELEASE.jar;C:\Users\ssreeka\.m2\repository\org\springframework\spring-context\5.0.5.RELEASE\spring-context-5.0.5.RELEASE.jar;C:\Users\ssreeka\.m2\repository\org\springframework\spring-expression\5.0.5.RELEASE\spring-expression-5.0.5.RELEASE.jar;C:\Users\ssreeka\.m2\repository\mysql\mysql-connector-java\5.1.46\mysql-connector-java-5.1.46.jar;C:\Users\ssreeka\.m2\repository\org\springframework\boot\spring-boot-starter-data-jpa\2.0.1.RELEASE\spring-boot-starter-data-jpa-2.0.1.RELEASE.jar;C:\Users\ssreeka\.m2\repository\org\springframework\boot\spring-boot-starter-aop\2.0.1.RELEASE\spring-boot-starter-aop-2.0.1.RELEASE.jar;C:\Users\ssreeka\.m2\repository\org\aspectj\aspectjweaver\1.8.13\aspectjweaver-1.8.13.jar;C:\Users\ssreeka\.m2\repository\org\springframework\boot\spring-boot-starter-jdbc\2.0.1.RELEASE\spring-boot-starter-jdbc-2.0.1.RELEASE.jar;C:\Users\ssreeka\.m2\repository\com\zaxxer\HikariCP\2.7.8\HikariCP-2.7.8.jar;C:\Users\ssreeka\.m2\repository\org\springframework\spring-jdbc\5.0.5.RELEASE\spring-jdbc-5.0.5.RELEASE.jar;C:\Users\ssreeka\.m2\repository\org\hibernate\hibernate-core\5.2.16.Final\hibernate-core-5.2.16.Final.jar;C:\Users\ssreeka\.m2\repository\org\hibernate\javax\persistence\hibernate-jpa-2.1-api\1.0.0.Final\hibernate-jpa-2.1-api-1.0.0.Final.jar;C:\Users\ssreeka\.m2\repository\org\javassist\javassist\3.22.0-GA\javassist-3.22.0-GA.jar;C:\Users\ssreeka\.m2\repository\antlr\antlr\2.7.7\antlr-2.7.7.jar;C:\Users\ssreeka\.m2\repository\org\jboss\jandex\2.0.3.Final\jandex-2.0.3.Final.jar;C:\Users\ssreeka\.m2\repository\dom4j\dom4j\1.6.1\dom4j-1.6.1.jar;C:\Users\ssreeka\.m2\repository\org\hibernate\common\hibernate-commons-annotations\5.0.1.Final\hibernate-commons-annotations-5.0.1.Final.jar;C:\Users\ssreeka\.m2\repository\javax\transaction\javax.transaction-api\1.2\javax.transaction-api-1.2.jar;C:\Users\ssreeka\.m2\repository\org\springframework\data\spring-data-jpa\2.0.6.RELEASE\spring-data-jpa-2.0.6.RELEASE.jar;C:\Users\ssreeka\.m2\repository\org\springframework\data\spring-data-commons\2.0.6.RELEASE\spring-data-commons-2.0.6.RELEASE.jar;C:\Users\ssreeka\.m2\repository\org\springframework\spring-orm\5.0.5.RELEASE\spring-orm-5.0.5.RELEASE.jar;C:\Users\ssreeka\.m2\repository\org\springframework\spring-tx\5.0.5.RELEASE\spring-tx-5.0.5.RELEASE.jar;C:\Users\ssreeka\.m2\repository\org\slf4j\slf4j-api\1.7.25\slf4j-api-1.7.25.jar;C:\Users\ssreeka\.m2\repository\org\springframework\spring-aspects\5.0.5.RELEASE\spring-aspects-5.0.5.RELEASE.jar;C:\Users\ssreeka\.m2\repository\junit\junit\3.8.1\junit-3.8.1.jar;"/>
    <property name="sun.cpu.endian" value="little"/>
    <property name="user.home" value="C:\Users\ssreeka"/>
    <property name="user.language" value="en"/>
    <property name="java.specification.vendor" value="Oracle Corporation"/>
    <property name="java.home" value="C:\MB Apps\softwares\microservices\daivb.sdk.2.0.12.1\daivb.sdk.2.0.12\tools\jdk\jre"/>
    <property name="basedir" value="C:\workspaces\Others\MicroServiceDemo"/>
    <property name="file.separator" value="\"/>
    <property name="line.separator" value="&#10;"/>
    <property name="java.vm.specification.vendor" value="Oracle Corporation"/>
    <property name="java.specification.name" value="Java Platform API Specification"/>
    <property name="java.awt.graphicsenv" value="sun.awt.Win32GraphicsEnvironment"/>
    <property name="surefire.real.class.path" value="C:\Users\ssreeka\AppData\Local\Temp\surefire2704716810734263897\surefirebooter4832353974404825131.jar"/>
    <property name="sun.boot.class.path" value="C:\MB Apps\softwares\microservices\daivb.sdk.2.0.12.1\daivb.sdk.2.0.12\tools\jdk\jre\lib\resources.jar;C:\MB Apps\softwares\microservices\daivb.sdk.2.0.12.1\daivb.sdk.2.0.12\tools\jdk\jre\lib\rt.jar;C:\MB Apps\softwares\microservices\daivb.sdk.2.0.12.1\daivb.sdk.2.0.12\tools\jdk\jre\lib\sunrsasign.jar;C:\MB Apps\softwares\microservices\daivb.sdk.2.0.12.1\daivb.sdk.2.0.12\tools\jdk\jre\lib\jsse.jar;C:\MB Apps\softwares\microservices\daivb.sdk.2.0.12.1\daivb.sdk.2.0.12\tools\jdk\jre\lib\jce.jar;C:\MB Apps\softwares\microservices\daivb.sdk.2.0.12.1\daivb.sdk.2.0.12\tools\jdk\jre\lib\charsets.jar;C:\MB Apps\softwares\microservices\daivb.sdk.2.0.12.1\daivb.sdk.2.0.12\tools\jdk\jre\lib\jfr.jar;C:\MB Apps\softwares\microservices\daivb.sdk.2.0.12.1\daivb.sdk.2.0.12\tools\jdk\jre\classes"/>
    <property name="user.script" value=""/>
    <property name="sun.management.compiler" value="HotSpot 64-Bit Tiered Compilers"/>
    <property name="java.runtime.version" value="1.8.0_121-b13"/>
    <property name="user.name" value="ssreeka"/>
    <property name="path.separator" value=";"/>
    <property name="os.version" value="6.1"/>
    <property name="java.endorsed.dirs" value="C:\MB Apps\softwares\microservices\daivb.sdk.2.0.12.1\daivb.sdk.2.0.12\tools\jdk\jre\lib\endorsed"/>
    <property name="java.runtime.name" value="Java(TM) SE Runtime Environment"/>
    <property name="file.encoding" value="Cp1252"/>
    <property name="java.vm.name" value="Java HotSpot(TM) 64-Bit Server VM"/>
    <property name="localRepository" value="C:\Users\ssreeka\.m2\repository"/>
    <property name="java.vendor.url.bug" value="http://bugreport.sun.com/bugreport/"/>
    <property name="java.io.tmpdir" value="C:\Users\ssreeka\AppData\Local\Temp\"/>
    <property name="java.version" value="1.8.0_121"/>
    <property name="user.dir" value="C:\workspaces\Others\MicroServiceDemo"/>
    <property name="os.arch" value="amd64"/>
    <property name="java.vm.specification.name" value="Java Virtual Machine Specification"/>
    <property name="java.awt.printerjob" value="sun.awt.windows.WPrinterJob"/>
    <property name="sun.os.patch.level" value="Service Pack 1"/>
    <property name="java.library.path" value="C:\MB Apps\softwares\microservices\daivb.sdk.2.0.12.1\daivb.sdk.2.0.12\tools\jdk\jre\bin;C:\Windows\Sun\Java\bin;C:\Windows\system32;C:\Windows;C:\ProgramData\Oracle\Java\javapath;C:\Windows\system32;C:\Windows;C:\Windows\System32\Wbem;C:\Program Files (x86)\DC VB Extended Components\S00;C:\Windows\System32\WindowsPowerShell\v1.0\;C:\Windows\System32\WindowsPowerShell\v1.0\;C:\Windows\System32\WindowsPowerShell\v1.0\;C:\Program Files (x86)\PuTTY\;c:\Program Files (x86)\Microsoft SQL Server\100\Tools\Binn\;c:\Program Files\Microsoft SQL Server\100\Tools\Binn\;c:\Program Files\Microsoft SQL Server\100\DTS\Binn\;c:\Program Files (x86)\Microsoft SQL Server\100\Tools\Binn\VSShell\Common7\IDE\;c:\Program Files (x86)\Microsoft SQL Server\100\DTS\Binn\;C:\Program Files\TortoiseSVN\bin;C:\Windows\System32\WindowsPowerShell\v1.0\;C:\Windows\System32\WindowsPowerShell\v1.0\;C:\Program Files\TortoiseGit\bin;C:\ProgramData\chocolatey\bin;C:\Program Files (x86)\Subversion\bin;C:\MB Apps\softwares\microservices\daivb.sdk.2.0.12.1\daivb.sdk.2.0.12\tools\jdk\bin;C:\apache\apache-maven-3.0.5\bin;C:\apache\apache-tomcat-6.0.33\bin;C:\Program Files\Docker Toolbox;C:\Program Files\Oracle\VirtualBox;;."/>
    <property name="java.vm.info" value="mixed mode"/>
    <property name="java.vendor" value="Oracle Corporation"/>
    <property name="java.vm.version" value="25.121-b13"/>
    <property name="java.ext.dirs" value="C:\MB Apps\softwares\microservices\daivb.sdk.2.0.12.1\daivb.sdk.2.0.12\tools\jdk\jre\lib\ext;C:\Windows\Sun\Java\lib\ext"/>
    <property name="sun.io.unicode.encoding" value="UnicodeLittle"/>
    <property name="java.class.version" value="52.0"/>
  </properties>
  <testcase name="testApp" classname="com.demo.microservice.AppTest" time="0"/>
</testsuite>